{
  "numTotalTestSuites": 14,
  "numPassedTestSuites": 14,
  "numFailedTestSuites": 0,
  "numPendingTestSuites": 0,
  "numTotalTests": 30,
  "numPassedTests": 30,
  "numFailedTests": 0,
  "numPendingTests": 0,
  "numTodoTests": 0,
  "startTime": 1677495351073,
  "success": true,
  "testResults": [
    {
      "assertionResults": [
        {
          "ancestorTitles": [
            "",
            "Tests for HeaderText component"
          ],
          "fullName": " Tests for HeaderText component should have no visible h3 tag when props headerTitle not set",
          "status": "passed",
          "title": "should have no visible h3 tag when props headerTitle not set",
          "duration": 28,
          "failureMessages": []
        },
        {
          "ancestorTitles": [
            "",
            "Tests for HeaderText component"
          ],
          "fullName": " Tests for HeaderText component should have no visible p tag when props headerDescrption not set",
          "status": "passed",
          "title": "should have no visible p tag when props headerDescrption not set",
          "duration": 5,
          "failureMessages": []
        },
        {
          "ancestorTitles": [
            "",
            "Tests for HeaderText component"
          ],
          "fullName": " Tests for HeaderText component should have title = \"test\" when props headerTitle set",
          "status": "passed",
          "title": "should have title = \"test\" when props headerTitle set",
          "duration": 5,
          "failureMessages": []
        },
        {
          "ancestorTitles": [
            "",
            "Tests for HeaderText component"
          ],
          "fullName": " Tests for HeaderText component should have description = \"test\" when props headerDescription set",
          "status": "passed",
          "title": "should have description = \"test\" when props headerDescription set",
          "duration": 6,
          "failureMessages": []
        }
      ],
      "startTime": 1677495353835,
      "endTime": 1677495353879,
      "status": "passed",
      "message": "",
      "name": "C:/Users/Przemyslaw/Desktop/projects/divante/predicty/app/pwa/src/components/__tests__/HeaderText.spec.ts"
    },
    {
      "assertionResults": [
        {
          "ancestorTitles": [
            "",
            "Tests for ButtonForm component"
          ],
          "fullName": " Tests for ButtonForm component should have type = \"default\" when props type not set",
          "status": "passed",
          "title": "should have type = \"default\" when props type not set",
          "duration": 37,
          "failureMessages": []
        },
        {
          "ancestorTitles": [
            "",
            "Tests for ButtonForm component"
          ],
          "fullName": " Tests for ButtonForm component should have type = \"success\" when props type set",
          "status": "passed",
          "title": "should have type = \"success\" when props type set",
          "duration": 5,
          "failureMessages": []
        },
        {
          "ancestorTitles": [
            "",
            "Tests for ButtonForm component"
          ],
          "fullName": " Tests for ButtonForm component should have type = \"default\" when props type set",
          "status": "passed",
          "title": "should have type = \"default\" when props type set",
          "duration": 3,
          "failureMessages": []
        }
      ],
      "startTime": 1677495353835,
      "endTime": 1677495353880,
      "status": "passed",
      "message": "",
      "name": "C:/Users/Przemyslaw/Desktop/projects/divante/predicty/app/pwa/src/components/__tests__/ButtonForm.spec.ts"
    },
    {
      "assertionResults": [
        {
          "ancestorTitles": [
            "",
            "Tests for InputForm component"
          ],
          "fullName": " Tests for InputForm component should have no visible label tag when props label not set",
          "status": "passed",
          "title": "should have no visible label tag when props label not set",
          "duration": 41,
          "failureMessages": []
        },
        {
          "ancestorTitles": [
            "",
            "Tests for InputForm component"
          ],
          "fullName": " Tests for InputForm component should have visible label tag when props label set",
          "status": "passed",
          "title": "should have visible label tag when props label set",
          "duration": 9,
          "failureMessages": []
        },
        {
          "ancestorTitles": [
            "",
            "Tests for InputForm component"
          ],
          "fullName": " Tests for InputForm component should have no set placeholder when props placeholder not set",
          "status": "passed",
          "title": "should have no set placeholder when props placeholder not set",
          "duration": 6,
          "failureMessages": []
        },
        {
          "ancestorTitles": [
            "",
            "Tests for InputForm component"
          ],
          "fullName": " Tests for InputForm component should have set placeholder = \"test\" when props placeholder set",
          "status": "passed",
          "title": "should have set placeholder = \"test\" when props placeholder set",
          "duration": 7,
          "failureMessages": []
        },
        {
          "ancestorTitles": [
            "",
            "Tests for InputForm component"
          ],
          "fullName": " Tests for InputForm component should have not set data-mask when props mask not set",
          "status": "passed",
          "title": "should have not set data-mask when props mask not set",
          "duration": 4,
          "failureMessages": []
        },
        {
          "ancestorTitles": [
            "",
            "Tests for InputForm component"
          ],
          "fullName": " Tests for InputForm component should have set data-mask = \"##\" when props mask set",
          "status": "passed",
          "title": "should have set data-mask = \"##\" when props mask set",
          "duration": 3,
          "failureMessages": []
        },
        {
          "ancestorTitles": [
            "",
            "Tests for InputForm component"
          ],
          "fullName": " Tests for InputForm component should have no visible span error tag when props error-message not set",
          "status": "passed",
          "title": "should have no visible span error tag when props error-message not set",
          "duration": 3,
          "failureMessages": []
        },
        {
          "ancestorTitles": [
            "",
            "Tests for InputForm component"
          ],
          "fullName": " Tests for InputForm component should have visible span error tag when props error-message set",
          "status": "passed",
          "title": "should have visible span error tag when props error-message set",
          "duration": 4,
          "failureMessages": []
        },
        {
          "ancestorTitles": [
            "",
            "Tests for InputForm component"
          ],
          "fullName": " Tests for InputForm component should have no visible span required tag when props required not set",
          "status": "passed",
          "title": "should have no visible span required tag when props required not set",
          "duration": 4,
          "failureMessages": []
        },
        {
          "ancestorTitles": [
            "",
            "Tests for InputForm component"
          ],
          "fullName": " Tests for InputForm component should have visible span required tag when props required set",
          "status": "passed",
          "title": "should have visible span required tag when props required set",
          "duration": 3,
          "failureMessages": []
        }
      ],
      "startTime": 1677495353835,
      "endTime": 1677495353919,
      "status": "passed",
      "message": "",
      "name": "C:/Users/Przemyslaw/Desktop/projects/divante/predicty/app/pwa/src/components/__tests__/InputForm.spec.ts"
    },
    {
      "assertionResults": [
        {
          "ancestorTitles": [
            "",
            "Tests for ProgressBar component"
          ],
          "fullName": " Tests for ProgressBar component should have 3 dots when props count-steps is set",
          "status": "passed",
          "title": "should have 3 dots when props count-steps is set",
          "duration": 36,
          "failureMessages": []
        },
        {
          "ancestorTitles": [
            "",
            "Tests for ProgressBar component"
          ],
          "fullName": " Tests for ProgressBar component should have 2 lines when props count-steps is set to 3",
          "status": "passed",
          "title": "should have 2 lines when props count-steps is set to 3",
          "duration": 7,
          "failureMessages": []
        },
        {
          "ancestorTitles": [
            "",
            "Tests for ProgressBar component"
          ],
          "fullName": " Tests for ProgressBar component should have active 2 dots when props active-step set to 2",
          "status": "passed",
          "title": "should have active 2 dots when props active-step set to 2",
          "duration": 4,
          "failureMessages": []
        },
        {
          "ancestorTitles": [
            "",
            "Tests for ProgressBar component"
          ],
          "fullName": " Tests for ProgressBar component should have active 1 line when props active-step set to 2",
          "status": "passed",
          "title": "should have active 1 line when props active-step set to 2",
          "duration": 7,
          "failureMessages": []
        }
      ],
      "startTime": 1677495353842,
      "endTime": 1677495353896,
      "status": "passed",
      "message": "",
      "name": "C:/Users/Przemyslaw/Desktop/projects/divante/predicty/app/pwa/src/components/__tests__/ProgressBar.spec.ts"
    },
    {
      "assertionResults": [
        {
          "ancestorTitles": [
            "",
            "Tests for TagPin component"
          ],
          "fullName": " Tests for TagPin component should have type = \"default\" when props type not set",
          "status": "passed",
          "title": "should have type = \"default\" when props type not set",
          "duration": 38,
          "failureMessages": []
        },
        {
          "ancestorTitles": [
            "",
            "Tests for TagPin component"
          ],
          "fullName": " Tests for TagPin component should have type = \"success\" when props type set",
          "status": "passed",
          "title": "should have type = \"success\" when props type set",
          "duration": 12,
          "failureMessages": []
        },
        {
          "ancestorTitles": [
            "",
            "Tests for TagPin component"
          ],
          "fullName": " Tests for TagPin component should have type = \"primary\" when props type set",
          "status": "passed",
          "title": "should have type = \"primary\" when props type set",
          "duration": 5,
          "failureMessages": []
        },
        {
          "ancestorTitles": [
            "",
            "Tests for TagPin component"
          ],
          "fullName": " Tests for TagPin component should have type = \"default\" when props type set",
          "status": "passed",
          "title": "should have type = \"default\" when props type set",
          "duration": 4,
          "failureMessages": []
        }
      ],
      "startTime": 1677495353851,
      "endTime": 1677495353910,
      "status": "passed",
      "message": "",
      "name": "C:/Users/Przemyslaw/Desktop/projects/divante/predicty/app/pwa/src/components/__tests__/TagPin.spec.ts"
    },
    {
      "assertionResults": [
        {
          "ancestorTitles": [
            "",
            "Tests for SpinnerBar component"
          ],
          "fullName": " Tests for SpinnerBar component should have no visible spinner when props isVisible not set",
          "status": "passed",
          "title": "should have no visible spinner when props isVisible not set",
          "duration": 19,
          "failureMessages": []
        },
        {
          "ancestorTitles": [
            "",
            "Tests for SpinnerBar component"
          ],
          "fullName": " Tests for SpinnerBar component should have  visible spinner when props isVisible set to true",
          "status": "passed",
          "title": "should have  visible spinner when props isVisible set to true",
          "duration": 10,
          "failureMessages": []
        },
        {
          "ancestorTitles": [
            "",
            "Tests for SpinnerBar component"
          ],
          "fullName": " Tests for SpinnerBar component should have position relative when not set props isGlobal",
          "status": "passed",
          "title": "should have position relative when not set props isGlobal",
          "duration": 5,
          "failureMessages": []
        },
        {
          "ancestorTitles": [
            "",
            "Tests for SpinnerBar component"
          ],
          "fullName": " Tests for SpinnerBar component should have position absolute when not set props isGlobal",
          "status": "passed",
          "title": "should have position absolute when not set props isGlobal",
          "duration": 4,
          "failureMessages": []
        }
      ],
      "startTime": 1677495354826,
      "endTime": 1677495354864,
      "status": "passed",
      "message": "",
      "name": "C:/Users/Przemyslaw/Desktop/projects/divante/predicty/app/pwa/src/components/__tests__/SpinnerBar.spec.ts"
    },
    {
      "assertionResults": [
        {
          "ancestorTitles": [
            "",
            "Tests for UploadFile component"
          ],
          "fullName": " Tests for UploadFile component should have position absolute when not set props isGlobal",
          "status": "passed",
          "title": "should have position absolute when not set props isGlobal",
          "duration": 38,
          "failureMessages": []
        }
      ],
      "startTime": 1677495354827,
      "endTime": 1677495354865,
      "status": "passed",
      "message": "",
      "name": "C:/Users/Przemyslaw/Desktop/projects/divante/predicty/app/pwa/src/components/__tests__/UploadFile.spec.ts"
    }
  ]
}